<?xml version="1.0" encoding="UTF-8"?>
<testsuite name="GenomeModifierTest" tests="3" skipped="0" failures="0" errors="0" timestamp="2022-12-30T22:17:35" hostname="MSI" time="0.019">
  <properties/>
  <testcase name="createGenomeTest()" classname="GenomeModifierTest" time="0.012"/>
  <testcase name="changeGenomeIndexTest()" classname="GenomeModifierTest" time="0.0"/>
  <testcase name="fuseGenomsTest()" classname="GenomeModifierTest" time="0.006"/>
  <system-out><![CDATA[5 5 5 5 5 5 5 5 5 5 
2 2 2 2 2 2 2 2 2 2 
5 5 5 5 2 2 2 2 2 2 [I@5a5a729f
[I@4b520ea8
[I@16150369
0 silniejszy po lewej!
]]></system-out>
  <system-err><![CDATA[]]></system-err>
</testsuite>
