<?xml version="1.0" encoding="UTF-8"?>
<testsuite name="GenomeModifierTest" tests="3" skipped="0" failures="0" errors="0" timestamp="2022-12-26T17:44:12" hostname="MSI" time="0.02">
  <properties/>
  <testcase name="createGenomeTest()" classname="GenomeModifierTest" time="0.013"/>
  <testcase name="changeGenomeIndexTest()" classname="GenomeModifierTest" time="0.001"/>
  <testcase name="fuseGenomsTest()" classname="GenomeModifierTest" time="0.006"/>
  <system-out><![CDATA[5 5 5 5 5 5 5 5 5 5 
2 2 2 2 2 2 2 2 2 2 
2 2 2 2 2 2 5 5 5 5 [I@7e990ed7
[I@c05fddc
]]></system-out>
  <system-err><![CDATA[]]></system-err>
</testsuite>
